<?xml version="1.0" encoding="UTF-8"?>
<!-- Generated by org.testng.reporters.JUnitReportReporter -->
<testsuite name="testCases.SignInTest" tests="1" time="102.944" ignored="0" failures="0" timestamp="09 Mar 2017 06:03:55 GMT" skipped="0" hostname="DESKTOP-N6KK6O3" errors="0">
  <testcase name="signIn" time="102.944" classname="testCases.SignInTest"/>
</testsuite> <!-- testCases.SignInTest -->
