<?xml version="1.0" encoding="UTF-8"?>
<!-- Generated by org.testng.reporters.JUnitReportReporter -->
<testsuite name="com.pom.PartAdPostTest" tests="1" time="65.686" ignored="0" failures="0" timestamp="01 Mar 2017 06:53:12 GMT" skipped="0" hostname="DESKTOP-N6KK6O3" errors="0">
  <testcase name="PartAdPost" time="65.686" classname="com.pom.PartAdPostTest"/>
</testsuite> <!-- com.pom.PartAdPostTest -->
