<?xml version="1.0" encoding="UTF-8"?>
<!-- Generated by org.testng.reporters.JUnitReportReporter -->
<testsuite name="com.pom.CarAdPostTest" tests="1" time="103.001" ignored="0" failures="0" timestamp="01 Mar 2017 06:49:30 GMT" skipped="0" hostname="DESKTOP-N6KK6O3" errors="0">
  <testcase name="CarAdPost" time="103.001" classname="com.pom.CarAdPostTest"/>
</testsuite> <!-- com.pom.CarAdPostTest -->
