<?xml version="1.0" encoding="UTF-8"?>
<!-- Generated by org.testng.reporters.JUnitReportReporter -->
<testsuite name="testCases.CarFinanceTest" tests="1" time="0.001" ignored="2" failures="0" timestamp="02 Mar 2017 13:04:19 GMT" skipped="1" hostname="DESKTOP-N6KK6O3" errors="0">
  <testcase name="requestCarFinanceLoggedIn" time="0.001" classname="testCases.CarFinanceTest">
    <skipped/>
  </testcase> <!-- requestCarFinanceLoggedIn -->
  <testcase name="requestCarFinanceNonLogin" classname="testCases.CarFinanceTest">
    <skipped/>
  </testcase> <!-- requestCarFinanceNonLogin -->
  <testcase name="tearDown" classname="testCases.Base">
    <skipped/>
  </testcase> <!-- tearDown -->
</testsuite> <!-- testCases.CarFinanceTest -->
